2014-10-20 12:26:34,336 - sauce_connect:554 - INFO - / Starting \
2014-10-20 12:26:34,342 - sauce_connect:555 - INFO - Please wait for "You may start your tests" to start your tests.
2014-10-20 12:26:34,348 - sauce_connect:567 - DEBUG - System is 5.5 hours off UTC
2014-10-20 12:26:34,351 - sauce_connect:569 - DEBUG - options: {'user': 'adevbrat', 'ports': ['55087'], 'domains': ['sauce-connect.proxy'], 'debug_ssh': False, 'tunnel_ports': ['80'], 'allow_unclean_exit': False, 'rest_url': 'https://saucelabs.com/rest/v1', 'logfile': 'sauce_connect.log', 'squid_opts': '', 'boost_mode': True, 'tunnel_identifier': '', 'fast_fail_regexps': '', 'quiet': False, 'latency_log': 150, 'use_ssh_config': False, 'ssh': False, 'se_port': '4445', 'readyfile': 'sauce_connect.ready', 'shared_tunnel': False, 'ssh_port': 443, 'direct_domains': '', 'host': '127.0.0.1'}
2014-10-20 12:26:34,352 - sauce_connect:570 - DEBUG - metadata: {'PythonVersion': '2.5.1', 'OwnerHost': '127.0.0.1', 'Release': '3.0-r25', 'OwnerPorts': ['55087'], 'Ports': ['80'], 'Platform': 'Java-1.7.0_55-Java_HotSpot-TM-_64-Bit_Server_VM,_24.55-b03,_Oracle_Corporation-on-Mac_OS_X-10.9.5-x86_64', 'Build': '38', 'ScriptRelease': 38, 'ScriptName': 'sauce_connect'}
2014-10-20 12:26:34,354 - sauce_connect:572 - INFO - Forwarding: ['sauce-connect.proxy']:['80'] -> 127.0.0.1:['55087']
2014-10-20 12:26:34,371 - sauce_connect:371 - INFO - Succesfully connected to local server 127.0.0.1:55087 in 8ms
2014-10-20 12:26:36,197 - sauce_connect:234 - INFO - {"squid_config":null,"use_caching_proxy":true,"metadata":{"PythonVersion":"2.5.1","OwnerHost":"127.0.0.1","Release":"3.0-r25","OwnerPorts":["55087"],"Ports":["80"],"Platform":"Java-1.7.0_55-Java_HotSpot-TM-_64-Bit_Server_VM,_24.55-b03,_Oracle_Corporation-on-Mac_OS_X-10.9.5-x86_64","Build":"38","ScriptRelease":38,"ScriptName":"sauce_connect"},"use_kgp":true,"tunnel_identifier":"","shared_tunnel":false,"fast_fail_regexps":null,"ssh_port":443,"direct_domains":null,"domain_names":["sauce-connect.proxy"]}
2014-10-20 12:26:40,977 - sauce_connect:246 - INFO - Tunnel remote VM is provisioned (c94116a4747241adbe057978cc60fa02)
2014-10-20 12:26:41,437 - sauce_connect:264 - INFO - Tunnel remote VM is booting ..
2014-10-20 12:26:55,690 - sauce_connect:268 - INFO - Tunnel remote VM is running at maki76232.miso.saucelabs.com
2014-10-20 12:26:55,703 - sauce_connect:371 - INFO - Succesfully connected to local server 127.0.0.1:55087 in 0ms
2014-10-20 12:26:55,713 - sauce_connect:642 - INFO - Starting connection to tunnel host...
2014-10-20 12:26:55,716 - sauce_connect:642 - INFO - Connecting to tunnel host maki76232.miso.saucelabs.com as adevbrat
2014-10-20 12:26:55,844 - sauce_connect:642 - INFO - Forwarding Selenium with ephemeral port 55093
2014-10-20 12:26:55,848 - sauce_connect:642 - INFO - Selenium HTTP proxy listening on port 4445
2014-10-20 12:27:00,341 - sauce_connect:0 - INFO - Successful handshake with Sauce Connect server
2014-10-20 12:27:00,345 - sauce_connect:0 - INFO - Tunnel host version: 0.1.0, remote endpoint ID: 714a42507ac747cba9dd7552f6212dce
2014-10-20 12:27:00,348 - sauce_connect:642 - INFO - Connected! You may start your tests.
2014-10-20 12:27:01,209 - sauce_connect:0 - INFO - received SIGINT
2014-10-20 12:30:37,832 - sauce_connect:554 - INFO - / Starting \
2014-10-20 12:30:37,836 - sauce_connect:555 - INFO - Please wait for "You may start your tests" to start your tests.
2014-10-20 12:30:37,845 - sauce_connect:567 - DEBUG - System is 5.5 hours off UTC
2014-10-20 12:30:37,846 - sauce_connect:569 - DEBUG - options: {'user': 'adevbrat', 'ports': ['55142'], 'domains': ['sauce-connect.proxy'], 'debug_ssh': False, 'tunnel_ports': ['80'], 'allow_unclean_exit': False, 'rest_url': 'https://saucelabs.com/rest/v1', 'logfile': 'sauce_connect.log', 'squid_opts': '', 'boost_mode': True, 'tunnel_identifier': '', 'fast_fail_regexps': '', 'quiet': False, 'latency_log': 150, 'use_ssh_config': False, 'ssh': False, 'se_port': '4445', 'readyfile': 'sauce_connect.ready', 'shared_tunnel': False, 'ssh_port': 443, 'direct_domains': '', 'host': '127.0.0.1'}
2014-10-20 12:30:37,848 - sauce_connect:570 - DEBUG - metadata: {'PythonVersion': '2.5.1', 'OwnerHost': '127.0.0.1', 'Release': '3.0-r25', 'OwnerPorts': ['55142'], 'Ports': ['80'], 'Platform': 'Java-1.7.0_55-Java_HotSpot-TM-_64-Bit_Server_VM,_24.55-b03,_Oracle_Corporation-on-Mac_OS_X-10.9.5-x86_64', 'Build': '38', 'ScriptRelease': 38, 'ScriptName': 'sauce_connect'}
2014-10-20 12:30:37,849 - sauce_connect:572 - INFO - Forwarding: ['sauce-connect.proxy']:['80'] -> 127.0.0.1:['55142']
2014-10-20 12:30:37,862 - sauce_connect:371 - INFO - Succesfully connected to local server 127.0.0.1:55142 in 6ms
2014-10-20 12:30:39,489 - sauce_connect:234 - INFO - {"squid_config":null,"use_caching_proxy":true,"metadata":{"PythonVersion":"2.5.1","OwnerHost":"127.0.0.1","Release":"3.0-r25","OwnerPorts":["55142"],"Ports":["80"],"Platform":"Java-1.7.0_55-Java_HotSpot-TM-_64-Bit_Server_VM,_24.55-b03,_Oracle_Corporation-on-Mac_OS_X-10.9.5-x86_64","Build":"38","ScriptRelease":38,"ScriptName":"sauce_connect"},"use_kgp":true,"tunnel_identifier":"","shared_tunnel":false,"fast_fail_regexps":null,"ssh_port":443,"direct_domains":null,"domain_names":["sauce-connect.proxy"]}
2014-10-20 12:30:43,595 - sauce_connect:246 - INFO - Tunnel remote VM is provisioned (42c6217231e941668adeb7bcb1f91dc3)
2014-10-20 12:30:44,135 - sauce_connect:264 - INFO - Tunnel remote VM is booting ..
2014-10-20 12:31:02,121 - sauce_connect:268 - INFO - Tunnel remote VM is running at maki77193.miso.saucelabs.com
2014-10-20 12:31:02,134 - sauce_connect:371 - INFO - Succesfully connected to local server 127.0.0.1:55142 in 1ms
2014-10-20 12:31:02,138 - sauce_connect:642 - INFO - Starting connection to tunnel host...
2014-10-20 12:31:02,140 - sauce_connect:642 - INFO - Connecting to tunnel host maki77193.miso.saucelabs.com as adevbrat
2014-10-20 12:31:02,240 - sauce_connect:642 - INFO - Forwarding Selenium with ephemeral port 55172
2014-10-20 12:31:02,244 - sauce_connect:642 - INFO - Selenium HTTP proxy listening on port 4445
2014-10-20 12:31:05,196 - sauce_connect:0 - INFO - Successful handshake with Sauce Connect server
2014-10-20 12:31:05,200 - sauce_connect:0 - INFO - Tunnel host version: 0.1.0, remote endpoint ID: ec5a6f690ad44a9ba4ad595bd65ae329
2014-10-20 12:31:05,203 - sauce_connect:642 - INFO - Connected! You may start your tests.
2014-10-20 12:31:14,267 - sauce_connect:0 - INFO - Could not proxy http://localhost:30507/, exception: java.net.ConnectException: Connection refused
2014-10-20 12:31:18,186 - sauce_connect:0 - INFO - GET http://en.wikipedia.org/ -> 301 (2051ms)
2014-10-20 12:31:20,124 - sauce_connect:0 - INFO - GET http://en.wikipedia.org/wiki/Main_Page -> 200 (878ms)
2014-10-20 12:31:21,227 - sauce_connect:0 - INFO - GET http://upload.wikimedia.org/wikipedia/commons/thumb/7/75/Washington_Revenue_stamp_4c_1862_issue.jpg/81px-Washington_Revenue_stamp_4c_1862_issue.jpg -> 200 (843ms)
2014-10-20 12:31:21,239 - sauce_connect:0 - INFO - GET http://upload.wikimedia.org/wikipedia/commons/thumb/c/c2/Chadwick.jpg/100px-Chadwick.jpg -> 200 (855ms)
2014-10-20 12:31:21,326 - sauce_connect:0 - INFO - GET http://upload.wikimedia.org/wikipedia/commons/thumb/0/0e/Douglas_MacArthur_lands_Leyte1.jpg/100px-Douglas_MacArthur_lands_Leyte1.jpg -> 200 (702ms)
2014-10-20 12:31:21,345 - sauce_connect:0 - INFO - GET http://upload.wikimedia.org/wikipedia/commons/thumb/c/c5/Hoisting_the_flag_at_Fort_Salisbury.png/125px-Hoisting_the_flag_at_Fort_Salisbury.png -> 200 (719ms)
2014-10-20 12:31:21,466 - sauce_connect:0 - INFO - GET http://upload.wikimedia.org/wikipedia/commons/thumb/3/3d/Mediawiki-logo.png/35px-Mediawiki-logo.png -> 200 (747ms)
2014-10-20 12:31:21,476 - sauce_connect:0 - INFO - GET http://upload.wikimedia.org/wikipedia/en/9/9d/Commons-logo-31px.png -> 200 (759ms)
2014-10-20 12:31:21,513 - sauce_connect:0 - INFO - GET http://upload.wikimedia.org/wikipedia/en/b/bc/Meta-logo-35px.png -> 200 (793ms)
2014-10-20 12:31:21,897 - sauce_connect:0 - INFO - GET http://upload.wikimedia.org/wikipedia/commons/thumb/9/91/Kaldari_Zygoballus_rufipes_female_02.jpg/350px-Kaldari_Zygoballus_rufipes_female_02.jpg -> 200 (1182ms)
2014-10-20 12:31:21,944 - sauce_connect:0 - INFO - GET http://upload.wikimedia.org/wikipedia/commons/thumb/f/ff/Wikidata-logo.svg/47px-Wikidata-logo.svg.png -> 200 (391ms)
2014-10-20 12:31:21,947 - sauce_connect:0 - INFO - GET http://upload.wikimedia.org/wikipedia/en/7/7f/Wikibooks-logo-35px.png -> 200 (392ms)
2014-10-20 12:31:22,145 - sauce_connect:0 - INFO - GET http://upload.wikimedia.org/wikipedia/en/6/60/Wikinews-logo-51px.png -> 200 (361ms)
2014-10-20 12:31:22,154 - sauce_connect:0 - INFO - GET http://upload.wikimedia.org/wikipedia/en/4/46/Wikiquote-logo-51px.png -> 200 (369ms)
2014-10-20 12:31:22,417 - sauce_connect:0 - INFO - GET http://upload.wikimedia.org/wikipedia/en/b/bf/Wikispecies-logo-35px.png -> 200 (493ms)
2014-10-20 12:31:22,427 - sauce_connect:0 - INFO - GET http://bits.wikimedia.org/en.wikipedia.org/load.php?debug=false&lang=en&modules=site&only=styles&skin=vector&* -> 200 (2094ms)
2014-10-20 12:31:22,463 - sauce_connect:0 - INFO - GET http://upload.wikimedia.org/wikipedia/en/b/b6/Wikisource-logo-35px.png -> 200 (540ms)
2014-10-20 12:31:22,464 - sauce_connect:0 - INFO - GET http://upload.wikimedia.org/wikipedia/en/e/e3/Wikiversity-logo-41px.png -> 200 (450ms)
2014-10-20 12:31:22,470 - sauce_connect:0 - INFO - GET http://upload.wikimedia.org/wikipedia/commons/thumb/d/dd/Wikivoyage-Logo-v3-icon.svg/35px-Wikivoyage-Logo-v3-icon.svg.png -> 200 (455ms)
2014-10-20 12:31:22,744 - sauce_connect:0 - INFO - GET http://upload.wikimedia.org/wikipedia/en/f/f2/Wiktionary-logo-51px.png -> 200 (361ms)
2014-10-20 12:31:22,755 - sauce_connect:0 - INFO - GET http://bits.wikimedia.org/en.wikipedia.org/load.php?debug=false&lang=en&modules=startup&only=scripts&skin=vector&* -> 200 (2421ms)
2014-10-20 12:31:22,882 - sauce_connect:0 - INFO - GET http://upload.wikimedia.org/wikipedia/commons/thumb/5/5c/Tirole_jean.JPG/70px-Tirole_jean.JPG -> 200 (2259ms)
2014-10-20 12:31:22,976 - sauce_connect:0 - INFO - GET http://bits.wikimedia.org/en.wikipedia.org/load.php?debug=false&lang=en&modules=ext.gadget.DRN-wizard%2CReferenceTooltips%2Ccharinsert%2Cfeatured-articles-links%2CrefToolbar%2Cteahouse%7Cext.uls.nojs%7Cext.visualEditor.viewPageTarget.noscript%7Cext.wikihiero%2CwikimediaBadges%7Cmediawiki.legacy.commonPrint%2Cshared%7Cmediawiki.skinning.interface%7Cmediawiki.ui.button%7Cskins.vector.styles&only=styles&skin=vector&* -> 200 (2709ms)
2014-10-20 12:31:23,105 - sauce_connect:0 - INFO - GET http://bits.wikimedia.org/static-1.25wmf3/resources/assets/poweredby_mediawiki_88x31.png -> 200 (391ms)
2014-10-20 12:31:23,134 - sauce_connect:0 - INFO - GET http://bits.wikimedia.org/images/wikimedia-button.png -> 200 (750ms)
2014-10-20 12:31:26,236 - sauce_connect:0 - INFO - GET http://bits.wikimedia.org/en.wikipedia.org/load.php?debug=false&lang=en&modules=jquery%2Cmediawiki&only=scripts&skin=vector&version=20141016T200718Z -> 200 (2812ms)
2014-10-20 12:31:28,855 - sauce_connect:0 - INFO - GET http://bits.wikimedia.org/en.wikipedia.org/load.php?debug=false&lang=en&modules=ext.centralNotice.bannerController%7Cext.centralauth.centralautologin%7Cext.uls.init%2Cinterface%2Cpreferences%2Cwebfonts%7Cext.visualEditor.viewPageTarget.init%7Cjquery.accessKeyLabel%2CbyteLength%2Cclient%2Ccookie%2CmwExtension%2CtabIndex%2Cthrottle-debounce%2Ctipsy%7Cmediawiki.Title%2CUri%2Capi%2Ccldr%2CjqueryMsg%2Clanguage%2Cnotify%2Cuser%2Cutil%7Cmediawiki.language.data%2Cinit%7Cmediawiki.legacy.ajax%2Cwikibits%7Cmediawiki.libs.pluralruleparser%7Cmediawiki.page.startup%7Cmmv.base%2Chead%7Cskins.vector.js&skin=vector&version=20141019T182812Z&* -> 200 (1929ms)
2014-10-20 12:31:29,976 - sauce_connect:0 - INFO - GET http://bits.wikimedia.org/en.wikipedia.org/load.php?debug=false&lang=en&modules=site&only=scripts&skin=vector&* -> 200 (369ms)
2014-10-20 12:31:30,687 - sauce_connect:0 - INFO - GET http://upload.wikimedia.org/wikipedia/en/b/bc/Wiki.png -> 200 (1079ms)
2014-10-20 12:31:31,135 - sauce_connect:0 - INFO - GET http://bits.wikimedia.org/en.wikipedia.org/load.php?debug=false&lang=en&modules=ext.eventLogging%2CnavigationTiming%7Cext.eventLogging.subscriber%7Cext.gadget.DRN-wizard%2CReferenceTooltips%2Ccharinsert%2Cfeatured-articles-links%2CrefToolbar%2Cteahouse%7Cext.uls.eventlogger%2Cinterlanguage%7Cjquery.checkboxShiftClick%2Chashchange%2Chidpi%2ChighlightText%2CmakeCollapsible%2Cmw-jump%2Cplaceholder%2CscrollTo%2Csuggestions%7Cmediawiki.action.view.postEdit%7Cmediawiki.cookie%2Chidpi%2CsearchSuggest%7Cmediawiki.page.ready%7Cmmv.Config%2CHtmlUtils%2Cbootstrap%7Cmmv.bootstrap.autostart%7Cmmv.logging.ActionLogger%2CDurationLogger%2CLogger%7Coojs%7Cschema.NavigationTiming%2CSaveTiming%2CUniversalLanguageSelector&skin=vector&version=20141020T043021Z&* -> 200 (1391ms)
2014-10-20 12:31:31,246 - sauce_connect:0 - INFO - GET http://en.wikipedia.org/w/index.php?title=MediaWiki:Common.js/IEFixes.js&action=raw&ctype=text/javascript -> 200 (821ms)
2014-10-20 12:31:31,516 - sauce_connect:0 - INFO - GET http://login.wikimedia.org/wiki/Special:CentralAutoLogin/checkLoggedIn?type=script&wikiid=enwiki&proto=http -> 200 (2100ms)
2014-10-20 12:31:31,984 - sauce_connect:0 - INFO - GET http://geoiplookup.wikimedia.org/ -> 200 (2379ms)
2014-10-20 12:31:35,046 - sauce_connect:0 - INFO - GET http://meta.wikimedia.org/wiki/Special:BannerRandom?uselang=en&sitename=Wikipedia&project=wikipedia&anonymous=true&bucket=0&country=XX&device=desktop&slot=4&debug= -> 200 (2129ms)
2014-10-20 12:31:35,838 - sauce_connect:0 - INFO - GET http://meta.wikimedia.org/wiki/Special:RecordImpression?country=XX&uselang=en&project=wikipedia&db=enwiki&bucket=0&anonymous=true&device=desktop&reason=empty&result=hide -> 200 (392ms)
2014-10-20 12:31:36,546 - sauce_connect:0 - INFO - GET http://bits.wikimedia.org/favicon/wikipedia.ico -> 200 (731ms)
2014-10-20 12:31:39,328 - sauce_connect:0 - INFO - GET http://en.wikipedia.org/w/api.php?action=opensearch&format=json&search=Miso&namespace=0&suggest= -> 200 (879ms)
2014-10-20 12:31:39,630 - sauce_connect:0 - INFO - GET http://bits.wikimedia.org/en.wikipedia.org/load.php?debug=false&lang=en&modules=ext.uls.i18n%2Cime%2Clanguagenames%2Cmediawiki%2Cmessages%7Cjquery.i18n%2Cime%2Culs%7Cjquery.uls.data%2Cgrid&skin=vector&version=20141017T033747Z&* -> 200 (1561ms)
2014-10-20 12:31:40,017 - sauce_connect:0 - INFO - GET http://en.wikipedia.org/w/index.php?search=Miso&title=Special%3ASearch&go=Go -> 302 (469ms)
2014-10-20 12:31:41,737 - sauce_connect:0 - INFO - GET http://en.wikipedia.org/wiki/Miso -> 200 (790ms)
2014-10-20 12:31:42,677 - sauce_connect:0 - INFO - GET http://bits.wikimedia.org/en.wikipedia.org/load.php?debug=false&lang=en&modules=ext.gadget.DRN-wizard%2CReferenceTooltips%2Ccharinsert%2Cfeatured-articles-links%2CrefToolbar%2Cteahouse%7Cext.rtlcite%2Cwikihiero%2CwikimediaBadges%7Cext.uls.nojs%7Cext.visualEditor.viewPageTarget.noscript%7Cmediawiki.legacy.commonPrint%2Cshared%7Cmediawiki.skinning.interface%7Cmediawiki.ui.button%7Cskins.vector.styles%7Cwikibase.client.init&only=styles&skin=vector&* -> 200 (710ms)
2014-10-20 12:31:42,888 - sauce_connect:0 - INFO - GET http://upload.wikimedia.org/wikipedia/commons/thumb/e/ed/Miso_paste_by_wilbanks_in_Nishiki_Ichiba%2C_Kyoto.jpg/200px-Miso_paste_by_wilbanks_in_Nishiki_Ichiba%2C_Kyoto.jpg -> 200 (860ms)
2014-10-20 12:31:42,904 - sauce_connect:0 - INFO - GET http://upload.wikimedia.org/wikipedia/commons/thumb/d/d6/Foodlogo2.svg/32px-Foodlogo2.svg.png -> 200 (716ms)
2014-10-20 12:31:43,256 - sauce_connect:0 - INFO - GET http://upload.wikimedia.org/wikipedia/commons/thumb/8/82/Soybean.USDA.jpg/80px-Soybean.USDA.jpg -> 200 (897ms)
2014-10-20 12:31:43,269 - sauce_connect:0 - INFO - GET http://bits.wikimedia.org/images/wikimedia-button.png -> 200 (908ms)
2014-10-20 12:31:43,278 - sauce_connect:0 - INFO - GET http://upload.wikimedia.org/wikipedia/commons/thumb/7/72/Miso_sold_in_Tokyo_foodhall.jpg/200px-Miso_sold_in_Tokyo_foodhall.jpg -> 200 (1251ms)
2014-10-20 12:31:43,788 - sauce_connect:0 - INFO - GET http://upload.wikimedia.org/wikipedia/commons/thumb/1/1b/CodazziMisoKioke1.jpg/200px-CodazziMisoKioke1.jpg -> 200 (1760ms)
2014-10-20 12:31:43,799 - sauce_connect:0 - INFO - GET http://bits.wikimedia.org/en.wikipedia.org/load.php?debug=false&lang=en&modules=ext.cite%7Cmediawiki.toc&skin=vector&version=20141017T033747Z&* -> 200 (452ms)
2014-10-20 12:31:43,880 - sauce_connect:0 - INFO - GET http://en.wikipedia.org/w/index.php?title=MediaWiki:Common.js/IEFixes.js&action=raw&ctype=text/javascript -> 200 (370ms)
2014-10-20 12:31:44,177 - sauce_connect:0 - INFO - GET http://meta.wikimedia.org/wiki/Special:BannerRandom?uselang=en&sitename=Wikipedia&project=wikipedia&anonymous=true&bucket=0&country=XX&device=desktop&slot=17&debug= -> 200 (829ms)
2014-10-20 12:31:44,486 - sauce_connect:0 - INFO - GET http://upload.wikimedia.org/wikipedia/en/thumb/4/4a/Commons-logo.svg/30px-Commons-logo.svg.png -> 200 (2299ms)
2014-10-20 12:31:44,707 - sauce_connect:0 - INFO - GET http://upload.wikimedia.org/wikipedia/en/b/bc/Wiki.png -> 200 (1198ms)
2014-10-20 12:31:45,016 - sauce_connect:0 - INFO - GET http://meta.wikimedia.org/wiki/Special:RecordImpression?country=XX&uselang=en&project=wikipedia&db=enwiki&bucket=0&anonymous=true&device=desktop&reason=empty&result=hide -> 200 (359ms)
2014-10-20 12:31:45,618 - sauce_connect:0 - INFO - GET http://bits.wikimedia.org/favicon/wikipedia.ico -> 200 (392ms)
2014-10-20 12:31:51,816 - sauce_connect:0 - INFO - received SIGINT
